646091799
642897633
644070292
643585610
645926338
646172562
646083482
646248898
645937180
641674522
646295478
645969646
645397449
646189965
646160174
644915020
639750010
645730218
296692083
646193838
556570894
642155383
638744195
644915742
646350469
112711154
646158956
640416237
643713221
644171518
637790772
644761150
640625149
643633145
646037231
264394656
337455049
646043504
640515008
642316282
640894090
646158756
645651404
638718354
646167575
644957783
643522524
646124417
642156746
645723649
645802426
646184373
646021218
645383927
121562576
646154067
644583682
642234056
643994487
646002440
643362752
644471172
530000097
643231977
646002967
642864053
639546297
645285145
639894188
643741903
644236600
645616357
642025017
645352877
643393856
646340382
643841853
646362874
645897645
644307113
525229824
646130079
643846585
643094393
645651353
644299700
641978284
643885470
643705494
638838417
643191231
641999269
639990562
645647371
646136490
641123065
642337507
646369624
645380899
641756894
